[00:01:02] [Server thread/INFO]: AggelosG2004[/176.92.31.110:50844] logged in with entity id 532940 at (-372.3030800485955, 65.0, -832.2105546755748)
[00:01:02] [Server thread/INFO]: AggelosG2004 joined the game
[00:01:05] [Server thread/INFO]: AggelosG2004 lost connection: Disconnected
[00:01:05] [Server thread/INFO]: AggelosG2004 left the game
[00:01:08] [Server thread/INFO]: AggelosG2004[/176.92.31.110:50852] logged in with entity id 533080 at (-372.3030800485955, 65.0, -832.2105546755748)
[00:01:08] [Server thread/INFO]: AggelosG2004 joined the game
[00:01:18] [Server thread/INFO]: <AggelosG2004> raid
[00:01:31] [Server thread/INFO]: <AggelosG2004> oxi re plaka kano
[00:02:26] [Server thread/INFO]: chril7 has reached the goal [The Next Generation]
[00:03:10] [Server thread/INFO]: <AggelosG2004> melkou gt eisai 12 ora mesa?
[00:03:21] [Server thread/WARN]: K1ng0fKlngsGR moved wrongly!
[00:04:23] [Server thread/WARN]: K1ng0fKlngsGR moved wrongly!
[00:07:43] [Server thread/INFO]: chril7 lost connection: Disconnected
[00:07:43] [Server thread/INFO]: chril7 left the game
[00:10:52] [Server thread/INFO]: K1ng0fKlngsGR lost connection: Timed out
[00:10:52] [Server thread/INFO]: K1ng0fKlngsGR left the game
[00:11:05] [Server thread/INFO]: K1ng0fKlngsGR[/77.49.26.130:21268] logged in with entity id 548365 at (-403.30000001192093, 44.0, -795.3439429024461)
[00:11:05] [Server thread/INFO]: K1ng0fKlngsGR joined the game
[00:12:37] [Server thread/INFO]: <AggelosG2004> -500 11 -875
[00:13:18] [Server thread/INFO]: <AggelosG2004> -499 700 13 -876 700
[00:13:24] [Server thread/WARN]: K1ng0fKlngsGR moved wrongly!
[00:16:29] [Server thread/WARN]: K1ng0fKlngsGR moved wrongly!
[00:16:54] [Server thread/WARN]: K1ng0fKlngsGR moved wrongly!
[00:17:00] [Server thread/WARN]: K1ng0fKlngsGR moved wrongly!
[00:17:12] [Server thread/WARN]: K1ng0fKlngsGR moved wrongly!
[00:17:30] [Server thread/WARN]: K1ng0fKlngsGR moved wrongly!
[00:18:28] [Server thread/INFO]: Vaced13 lost connection: Timed out
[00:18:28] [Server thread/INFO]: Vaced13 left the game
[00:19:12] [Server thread/INFO]: Vaced13[/2.86.203.168:58845] logged in with entity id 558828 at (-324.9995411525857, 64.0, -813.3715813586269)
[00:19:12] [Server thread/INFO]: Vaced13 joined the game
[00:19:58] [Server thread/INFO]: Vaced13 has made the advancement [A Seedy Place]
[00:26:16] [Server thread/WARN]: Vaced13 moved wrongly!
[00:28:25] [Server thread/INFO]: K1ng0fKlngsGR lost connection: Disconnected
[00:28:25] [Server thread/INFO]: K1ng0fKlngsGR left the game
[00:29:12] [Server thread/INFO]: K1ng0fKlngsGR[/77.49.26.130:21495] logged in with entity id 574122 at (-404.4330286740135, 47.0, -796.3989955110038)
[00:29:12] [Server thread/INFO]: K1ng0fKlngsGR joined the game
[00:29:18] [Server thread/INFO]: chril7[/5.144.210.242:56849] logged in with entity id 574315 at (-338.48154362758453, 67.0, -763.9542572685756)
[00:29:18] [Server thread/INFO]: chril7 joined the game
[00:29:35] [Server thread/INFO]: chril7 lost connection: Timed out
[00:29:35] [Server thread/INFO]: chril7 left the game
[00:29:42] [Server thread/INFO]: chril7[/5.144.210.242:56851] logged in with entity id 574655 at (-347.84573856043124, 70.0, -764.0029581993134)
[00:29:42] [Server thread/INFO]: chril7 joined the game
[00:30:02] [Server thread/INFO]: chril7 lost connection: Timed out
[00:30:02] [Server thread/INFO]: chril7 left the game
[00:30:06] [Server thread/INFO]: chril7[/5.144.210.242:56853] logged in with entity id 575041 at (-347.84573856043124, 70.0, -764.0029581993134)
[00:30:06] [Server thread/INFO]: chril7 joined the game
[00:31:12] [Server thread/WARN]: K1ng0fKlngsGR moved wrongly!
[00:32:02] [Server thread/INFO]: DaddyMelkou lost connection: Disconnected
[00:32:02] [Server thread/INFO]: DaddyMelkou left the game
[00:32:07] [Server thread/INFO]: Vaced13 lost connection: Disconnected
[00:32:07] [Server thread/INFO]: Vaced13 left the game
[00:32:11] [Server thread/INFO]: DaddyMelkou[/79.103.34.65:51316] logged in with entity id 577252 at (-555.140033178508, 10.0, -720.7471254190863)
[00:32:11] [Server thread/INFO]: DaddyMelkou joined the game
[00:32:22] [Server thread/INFO]: DaddyMelkou lost connection: Disconnected
[00:32:22] [Server thread/INFO]: DaddyMelkou left the game
[00:32:26] [Server thread/INFO]: DaddyMelkou[/79.103.34.65:51322] logged in with entity id 577605 at (-555.140033178508, 10.0, -720.7471254190863)
[00:32:26] [Server thread/INFO]: DaddyMelkou joined the game
[00:32:45] [Server thread/WARN]: K1ng0fKlngsGR moved wrongly!
[00:32:49] [Server thread/INFO]: DaddyMelkou lost connection: Disconnected
[00:32:49] [Server thread/INFO]: DaddyMelkou left the game
[00:32:53] [Server thread/WARN]: K1ng0fKlngsGR moved wrongly!
[00:32:58] [Server thread/INFO]: DaddyMelkou[/79.103.34.65:51339] logged in with entity id 578002 at (-555.140033178508, 10.0, -720.7471254190863)
[00:32:58] [Server thread/INFO]: DaddyMelkou joined the game
[00:33:10] [Server thread/WARN]: Can't keep up! Is the server overloaded? Running 2171ms or 43 ticks behind
[00:33:13] [Server thread/WARN]: K1ng0fKlngsGR moved wrongly!
[00:34:11] [Server thread/WARN]: K1ng0fKlngsGR moved wrongly!
[00:34:18] [Server thread/WARN]: K1ng0fKlngsGR moved wrongly!
[00:36:32] [Server thread/WARN]: K1ng0fKlngsGR moved wrongly!
[00:36:43] [Server thread/WARN]: K1ng0fKlngsGR moved wrongly!
[00:36:43] [Server thread/INFO]: chril7 lost connection: Disconnected
[00:36:43] [Server thread/INFO]: chril7 left the game
[00:36:46] [Server thread/INFO]: chril7[/5.144.210.242:56864] logged in with entity id 583769 at (-364.26515441899045, 64.9375, -794.0078443395898)
[00:36:46] [Server thread/INFO]: chril7 joined the game
[00:36:50] [Server thread/WARN]: K1ng0fKlngsGR moved wrongly!
[00:37:03] [Server thread/INFO]: chril7 lost connection: Disconnected
[00:37:03] [Server thread/INFO]: chril7 left the game
[00:37:26] [Server thread/WARN]: K1ng0fKlngsGR moved wrongly!
[00:37:57] [Server thread/INFO]: chril7[/5.144.210.242:55098] logged in with entity id 585792 at (-364.3483767111903, 64.9375, -793.1557918268863)
[00:37:57] [Server thread/INFO]: chril7 joined the game
[00:38:12] [Server thread/WARN]: AggelosG2004 moved too quickly! -9.396102124565004,2.0554624345250403,-3.6181032501810932
[00:38:23] [Server thread/WARN]: K1ng0fKlngsGR moved wrongly!
[00:38:55] [Server thread/WARN]: K1ng0fKlngsGR moved wrongly!
[00:39:06] [Server thread/WARN]: K1ng0fKlngsGR moved wrongly!
[00:40:03] [Server thread/WARN]: K1ng0fKlngsGR moved wrongly!
[00:40:08] [Server thread/WARN]: K1ng0fKlngsGR moved wrongly!
[00:40:31] [Server thread/WARN]: K1ng0fKlngsGR moved wrongly!
[00:41:23] [Server thread/WARN]: Horse moved wrongly!
[00:42:32] [Server thread/WARN]: K1ng0fKlngsGR moved wrongly!
[00:43:13] [Server thread/WARN]: Horse (vehicle of AggelosG2004) moved too quickly! 8.69554331243421,1.0,-5.0442434849944675
[00:43:13] [Server thread/WARN]: Horse (vehicle of AggelosG2004) moved too quickly! 9.22245605774242,1.0,-4.904764396347673
[00:43:13] [Server thread/WARN]: Horse (vehicle of AggelosG2004) moved too quickly! 9.748303454003008,1.0,-4.737574144256087
[00:43:13] [Server thread/WARN]: Horse (vehicle of AggelosG2004) moved too quickly! 10.273491960108231,1.0,-4.555322396283373
[00:43:13] [Server thread/WARN]: Horse (vehicle of AggelosG2004) moved too quickly! 10.798327907228213,2.0,-4.3650115421583
[00:43:13] [Server thread/WARN]: Horse (vehicle of AggelosG2004) moved too quickly! 11.322975207064474,3.0,-4.170388421012376
[00:43:13] [Server thread/WARN]: Horse (vehicle of AggelosG2004) moved too quickly! 11.847521565500529,3.0,-3.9734578917609724
[00:43:13] [Server thread/WARN]: Horse (vehicle of AggelosG2004) moved too quickly! 12.37201391220583,3.0,-3.775292714437228
[00:43:13] [Server thread/WARN]: Horse (vehicle of AggelosG2004) moved too quickly! 12.896477358310904,3.0,-3.5764669015459276
[00:43:13] [Server thread/WARN]: Horse (vehicle of AggelosG2004) moved too quickly! 13.421102820510896,3.0,-3.3777552801354886
[00:43:13] [Server thread/WARN]: Horse (vehicle of AggelosG2004) moved too quickly! 13.948007222866408,3.0,-3.1851205210098215
[00:43:13] [Server thread/WARN]: Horse (vehicle of AggelosG2004) moved too quickly! 14.278165858735747,3.0,-2.999144313524539
[00:43:13] [Server thread/WARN]: Horse (vehicle of AggelosG2004) moved too quickly! 14.278165858735747,3.0,-2.8230654065348517
[00:43:13] [Server thread/WARN]: Horse (vehicle of AggelosG2004) moved too quickly! 14.278165858735747,3.0,-2.6743284455726553
[00:43:13] [Server thread/WARN]: Horse (vehicle of AggelosG2004) moved too quickly! 14.278165858735747,3.0,-2.56780257639889
[00:43:13] [Server thread/WARN]: Horse (vehicle of AggelosG2004) moved too quickly! 14.539027247514923,4.0,-2.51377849458504
[00:43:13] [Server thread/WARN]: Horse (vehicle of AggelosG2004) moved too quickly! 14.901813181813623,4.0,-2.6095401429865888
[00:43:13] [Server thread/WARN]: Horse (vehicle of AggelosG2004) moved too quickly! 15.319136908263545,5.0,-2.64363611530257
[00:43:13] [Server thread/WARN]: Horse (vehicle of AggelosG2004) moved too quickly! 15.765642719927428,6.0,-2.768304972758642
[00:43:13] [Server thread/WARN]: Horse (vehicle of AggelosG2004) moved too quickly! 16.227763283561217,6.0,-2.959681650210541
[00:43:13] [Server thread/WARN]: Horse (vehicle of AggelosG2004) moved too quickly! 16.73566280031264,7.0,-3.0735095508216546
[00:43:13] [Server thread/WARN]: Horse (vehicle of AggelosG2004) moved too quickly! 17.268057722143567,7.0,-3.1458426471010625
[00:43:13] [Server thread/WARN]: Horse (vehicle of AggelosG2004) moved too quickly! 17.81355964684667,8.0,-3.1959727008998016
[00:43:13] [Server thread/WARN]: Horse (vehicle of AggelosG2004) moved too quickly! 18.278165858735747,8.0,-3.2349719253120384
[00:43:13] [Server thread/WARN]: Horse (vehicle of AggelosG2004) moved too quickly! 18.278165858735747,8.0,-3.2749307569615667
[00:43:13] [Server thread/WARN]: Horse (vehicle of AggelosG2004) moved too quickly! 18.278165858735747,8.0,-3.3255880006945517
[00:43:13] [Server thread/WARN]: Horse (vehicle of AggelosG2004) moved too quickly! 18.278165858735747,8.0,-3.391639859243469
[00:43:13] [Server thread/WARN]: Horse (vehicle of AggelosG2004) moved too quickly! 18.278165858735747,8.0,-3.4729866449877136
[00:43:13] [Server thread/WARN]: Horse (vehicle of AggelosG2004) moved too quickly! 18.278165858735747,8.0,-3.5625174413262357
[00:43:13] [Server thread/WARN]: Horse (vehicle of AggelosG2004) moved too quickly! 18.278165858735747,8.0,-3.5078881347221795
[00:43:13] [Server thread/WARN]: Horse (vehicle of AggelosG2004) moved too quickly! 18.278165858735747,8.0,-3.368239785351534
[00:43:13] [Server thread/WARN]: Horse (vehicle of AggelosG2004) moved too quickly! 18.278165858735747,8.0,-3.1765934249635848
[00:43:13] [Server thread/WARN]: Horse (vehicle of AggelosG2004) moved too quickly! 18.278165858735747,8.0,-2.9552335066239266
[00:43:13] [Server thread/WARN]: Horse (vehicle of AggelosG2004) moved too quickly! 18.278165858735747,8.0,-2.717929296344437
[00:43:13] [Server thread/WARN]: Horse (vehicle of AggelosG2004) moved too quickly! 18.325210149438362,8.0,-2.4720936133428495
[00:43:13] [Server thread/WARN]: Horse (vehicle of AggelosG2004) moved too quickly! 18.39742690213393,8.0,-2.2216929093867748
[00:43:13] [Server thread/WARN]: Horse (vehicle of AggelosG2004) moved too quickly! 18.48485131540656,8.0,-1.9695523947120819
[00:43:13] [Server thread/WARN]: Horse (vehicle of AggelosG2004) moved too quickly! 18.79246124019801,8.0,-1.8296595646029346
[00:43:13] [Server thread/WARN]: Horse (vehicle of AggelosG2004) moved too quickly! 19.178897684359526,8.0,-1.8818853301918352
[00:43:13] [Server thread/WARN]: Horse (vehicle of AggelosG2004) moved too quickly! 19.278165858735747,8.0,-2.0541219448502943
[00:43:13] [Server thread/WARN]: Horse (vehicle of AggelosG2004) moved too quickly! 19.278165858735747,8.0,-2.29489337543032
[00:43:13] [Server thread/WARN]: Horse (vehicle of AggelosG2004) moved too quickly! 19.278165858735747,8.0,-2.5763961271939024
[00:43:13] [Server thread/WARN]: Can't keep up! Is the server overloaded? Running 2963ms or 59 ticks behind
[00:43:13] [Server thread/WARN]: Horse (vehicle of AggelosG2004) moved too quickly! 11.11050612441477,7.0,2.4910102183819163
[00:43:18] [Server thread/WARN]: Horse moved wrongly!
[00:43:18] [Server thread/WARN]: Horse moved wrongly!
[00:43:18] [Server thread/WARN]: Horse moved wrongly!
[00:43:31] [Server thread/INFO]: K1ng0fKlngsGR lost connection: Disconnected
[00:43:31] [Server thread/INFO]: K1ng0fKlngsGR left the game
[00:43:32] [Server thread/INFO]: K1ng0fKlngsGR[/77.49.26.130:21589] logged in with entity id 605759 at (-404.79207448860035, 47.0, -796.1509119969091)
[00:43:32] [Server thread/INFO]: K1ng0fKlngsGR joined the game
[00:43:53] [Server thread/WARN]: Horse moved wrongly!
[00:43:53] [Server thread/WARN]: Horse moved wrongly!
[00:43:53] [Server thread/WARN]: Horse moved wrongly!
[00:43:53] [Server thread/WARN]: Horse moved wrongly!
[00:45:20] [Server thread/WARN]: K1ng0fKlngsGR moved wrongly!
[00:45:29] [Server thread/WARN]: K1ng0fKlngsGR moved wrongly!
[00:45:33] [Server thread/INFO]: chril7 lost connection: Disconnected
[00:45:33] [Server thread/INFO]: chril7 left the game
[00:45:36] [Server thread/INFO]: AggelosG2004 lost connection: Disconnected
[00:45:36] [Server thread/INFO]: AggelosG2004 left the game
[00:45:37] [Server thread/INFO]: AggelosG2004[/176.92.31.110:51189] logged in with entity id 613866 at (-1451.3097724727704, 69.0, -1682.300000011921)
[00:45:37] [Server thread/INFO]: AggelosG2004 joined the game
[00:45:52] [Server thread/WARN]: K1ng0fKlngsGR moved wrongly!
[00:45:59] [Server thread/INFO]: Made blueskyvi/help a server operator
[00:46:42] [Server thread/INFO]: /advancement (grant|revoke)
[00:46:42] [Server thread/INFO]: /ban <targets> [<reason>]
[00:46:42] [Server thread/INFO]: /ban-ip <target> [<reason>]
[00:46:42] [Server thread/INFO]: /banlist [ips|players]
[00:46:42] [Server thread/INFO]: /bossbar (add|get|list|remove|set)
[00:46:42] [Server thread/INFO]: /clear [<targets>]
[00:46:42] [Server thread/INFO]: /clone <begin> <end> <destination> [filtered|masked|replace]
[00:46:42] [Server thread/INFO]: /data (get|merge|modify|remove)
[00:46:42] [Server thread/INFO]: /datapack (disable|enable|list)
[00:46:42] [Server thread/INFO]: /debug (start|stop)
[00:46:42] [Server thread/INFO]: /defaultgamemode (adventure|creative|spectator|survival)
[00:46:42] [Server thread/INFO]: /deop <targets>
[00:46:42] [Server thread/INFO]: /difficulty [easy|hard|normal|peaceful]
[00:46:42] [Server thread/INFO]: /effect (clear|give)
[00:46:42] [Server thread/INFO]: /enchant <targets> <enchantment> [<level>]
[00:46:42] [Server thread/INFO]: /execute (align|anchored|as|at|facing|if|in|positioned|rotated|run|store|unless)
[00:46:42] [Server thread/INFO]: /experience (add|query|set)
[00:46:42] [Server thread/INFO]: /fill <from> <to> <block> [destroy|hollow|keep|outline|replace]
[00:46:42] [Server thread/INFO]: /forceload (add|query|remove)
[00:46:42] [Server thread/INFO]: /function <name>
[00:46:42] [Server thread/INFO]: /gamemode (adventure|creative|spectator|survival)
[00:46:42] [Server thread/INFO]: /gamerule (announceAdvancements|commandBlockOutput|disableElytraMovementCheck|doDaylightCycle|doEntityDrops|doFireTick|doLimitedCrafting|doMobLoot|doMobSpawning|doTileDrops|doWeatherCycle|keepInventory|logAdminCommands|maxCommandChainLength|maxEntityCramming|mobGriefing|naturalRegeneration|randomTickSpeed|reducedDebugInfo|sendCommandFeedback|showDeathMessages|spawnRadius|spectatorsGenerateChunks)
[00:46:42] [Server thread/INFO]: /give <targets> <item> [<count>]
[00:46:42] [Server thread/INFO]: /help [<command>]
[00:46:42] [Server thread/INFO]: /kick <targets> [<reason>]
[00:46:42] [Server thread/INFO]: /kill <targets>
[00:46:42] [Server thread/INFO]: /list [uuids]
[00:46:42] [Server thread/INFO]: /locate (Buried_Treasure|Desert_Pyramid|EndCity|Fortress|Igloo|Jungle_Pyramid|Mansion|Mineshaft|Monument|Ocean_Ruin|Pillager_Outpost|Shipwreck|Stronghold|Swamp_Hut|Village)
[00:46:42] [Server thread/INFO]: /loot (give|insert|replace|spawn)
[00:46:42] [Server thread/INFO]: /me <action>
[00:46:42] [Server thread/INFO]: /msg <targets> <message>
[00:46:42] [Server thread/INFO]: /op <targets>
[00:46:42] [Server thread/INFO]: /pardon <targets>
[00:46:42] [Server thread/INFO]: /pardon-ip <target>
[00:46:42] [Server thread/INFO]: /particle <name> [<pos>]
[00:46:42] [Server thread/INFO]: /playsound <sound> (ambient|block|hostile|master|music|neutral|player|record|voice|weather)
[00:46:42] [Server thread/INFO]: /recipe (give|take)
[00:46:42] [Server thread/INFO]: /reload
[00:46:42] [Server thread/INFO]: /replaceitem (block|entity)
[00:46:42] [Server thread/INFO]: /save-all [flush]
[00:46:42] [Server thread/INFO]: /save-off
[00:46:42] [Server thread/INFO]: /save-on
[00:46:42] [Server thread/INFO]: /say <message>
[00:46:42] [Server thread/INFO]: /schedule function <function> <time>
[00:46:42] [Server thread/INFO]: /scoreboard (objectives|players)
[00:46:42] [Server thread/INFO]: /seed
[00:46:42] [Server thread/INFO]: /setblock <pos> <block> [destroy|keep|replace]
[00:46:42] [Server thread/INFO]: /setidletimeout <minutes>
[00:46:42] [Server thread/INFO]: /setworldspawn [<pos>]
[00:46:42] [Server thread/INFO]: /spawnpoint [<targets>]
[00:46:42] [Server thread/INFO]: /spreadplayers <center> <spreadDistance> <maxRange> <respectTeams> <targets>
[00:46:42] [Server thread/INFO]: /stop
[00:46:42] [Server thread/INFO]: /stopsound <targets> [*|ambient|block|hostile|master|music|neutral|player|record|voice|weather]
[00:46:42] [Server thread/INFO]: /summon <entity> [<pos>]
[00:46:42] [Server thread/INFO]: /tag <targets> (add|list|remove)
[00:46:42] [Server thread/INFO]: /team (add|empty|join|leave|list|modify|remove)
[00:46:42] [Server thread/INFO]: /teammsg <message>
[00:46:42] [Server thread/INFO]: /teleport (<destination>|<location>|<targets>)
[00:46:42] [Server thread/INFO]: /tell -> msg
[00:46:42] [Server thread/INFO]: /tellraw <targets> <message>
[00:46:42] [Server thread/INFO]: /time (add|query|set)
[00:46:42] [Server thread/INFO]: /title <targets> (actionbar|clear|reset|subtitle|times|title)
[00:46:42] [Server thread/INFO]: /tm -> teammsg
[00:46:42] [Server thread/INFO]: /tp -> teleport
[00:46:42] [Server thread/INFO]: /trigger <objective> [add|set]
[00:46:42] [Server thread/INFO]: /w -> msg
[00:46:42] [Server thread/INFO]: /weather (clear|rain|thunder)
[00:46:42] [Server thread/INFO]: /whitelist (add|list|off|on|reload|remove)
[00:46:42] [Server thread/INFO]: /worldborder (add|center|damage|get|set|warning)
[00:46:42] [Server thread/INFO]: /xp -> experience
[00:50:17] [Server thread/WARN]: K1ng0fKlngsGR moved wrongly!
[00:52:51] [Server thread/WARN]: Horse moved wrongly!
[00:52:51] [Server thread/WARN]: Horse moved wrongly!
[00:53:15] [Server thread/WARN]: Horse (vehicle of AggelosG2004) moved too quickly! -1.2776726933752798,0.0,10.346756832906749
[00:53:15] [Server thread/WARN]: Horse (vehicle of AggelosG2004) moved too quickly! -1.3958021006637864,0.0,10.883509763244774
[00:53:15] [Server thread/WARN]: Horse (vehicle of AggelosG2004) moved too quickly! -1.5191797162285638,0.0,11.41919521604268
[00:53:15] [Server thread/WARN]: Horse (vehicle of AggelosG2004) moved too quickly! -1.6446267736864684,0.0,11.954487210342222
[00:53:15] [Server thread/WARN]: Horse (vehicle of AggelosG2004) moved too quickly! -1.7709427255640549,0.0,12.489625543189959
[00:53:15] [Server thread/WARN]: Horse (vehicle of AggelosG2004) moved too quickly! -1.8977236055218327,0.0,13.024681654858341
[00:53:15] [Server thread/WARN]: Horse (vehicle of AggelosG2004) moved too quickly! -2.0247532592256903,0.0,13.559693771612956
[00:53:15] [Server thread/WARN]: Horse (vehicle of AggelosG2004) moved too quickly! -2.1519160268010182,0.0,14.094682347566504
[00:53:15] [Server thread/WARN]: Horse (vehicle of AggelosG2004) moved too quickly! -2.277431769247869,0.0,14.630060991298933
[00:53:15] [Server thread/WARN]: Horse (vehicle of AggelosG2004) moved too quickly! -2.4005844227715443,0.0,15.16598558209239
[00:53:15] [Server thread/WARN]: Horse (vehicle of AggelosG2004) moved too quickly! -2.5197908518046006,0.0,15.702789135630837
[00:53:15] [Server thread/WARN]: Horse (vehicle of AggelosG2004) moved too quickly! -2.636142355406946,0.0,16.240220342852126
[00:53:15] [Server thread/WARN]: Horse (vehicle of AggelosG2004) moved too quickly! -2.7495021196496054,1.0,16.778290535932
[00:53:15] [Server thread/WARN]: Horse (vehicle of AggelosG2004) moved too quickly! -2.859290148981245,1.0,17.317096646088885
[00:53:15] [Server thread/WARN]: Horse (vehicle of AggelosG2004) moved too quickly! -2.96716701417472,1.0,17.856296530801046
[00:53:15] [Server thread/WARN]: Horse (vehicle of AggelosG2004) moved too quickly! -3.074021253542469,1.0,18.395707116426593
[00:53:15] [Server thread/WARN]: Horse (vehicle of AggelosG2004) moved too quickly! -3.180328306219735,1.0,18.935230443910086
[00:53:15] [Server thread/WARN]: Horse (vehicle of AggelosG2004) moved too quickly! -3.286342570208717,1.0,19.474814097314038
[00:53:15] [Server thread/WARN]: Horse (vehicle of AggelosG2004) moved too quickly! -3.392681166672901,1.0,20.01433535267529
[00:53:15] [Server thread/WARN]: Horse (vehicle of AggelosG2004) moved too quickly! -3.500923364767914,1.0,20.553474774930464
[00:53:15] [Server thread/WARN]: Horse (vehicle of AggelosG2004) moved too quickly! -3.610928283455223,1.0,21.092256189679347
[00:53:15] [Server thread/WARN]: Horse (vehicle of AggelosG2004) moved too quickly! -3.7218763987866623,1.0,21.630846041749464
[00:53:15] [Server thread/WARN]: Horse (vehicle of AggelosG2004) moved too quickly! -3.8333291998371806,1.0,22.169333392449516
[00:53:15] [Server thread/WARN]: Horse (vehicle of AggelosG2004) moved too quickly! -3.945052048153457,1.0,22.70776589671027
[00:53:15] [Server thread/WARN]: Can't keep up! Is the server overloaded? Running 2047ms or 40 ticks behind
[00:53:15] [Server thread/WARN]: Horse (vehicle of AggelosG2004) moved too quickly! -2.887567839991334,1.0,13.43816013774017
[00:54:07] [Server thread/WARN]: Horse moved wrongly!
[00:54:52] [Server thread/WARN]: Horse moved wrongly!
[00:54:52] [Server thread/WARN]: Horse moved wrongly!
[00:54:52] [Server thread/WARN]: Horse moved wrongly!
[00:54:52] [Server thread/WARN]: Horse moved wrongly!
[00:54:52] [Server thread/WARN]: Horse moved wrongly!
[00:54:52] [Server thread/WARN]: Horse moved wrongly!
[00:54:52] [Server thread/WARN]: Horse moved wrongly!
[00:54:52] [Server thread/WARN]: Horse moved wrongly!
[00:54:52] [Server thread/WARN]: Horse moved wrongly!
[00:54:52] [Server thread/WARN]: Horse moved wrongly!
[00:54:53] [Server thread/WARN]: Horse moved wrongly!
[00:54:53] [Server thread/WARN]: Horse moved wrongly!
[00:54:53] [Server thread/WARN]: Horse moved wrongly!
[00:54:53] [Server thread/WARN]: Horse moved wrongly!
[00:54:53] [Server thread/WARN]: Horse moved wrongly!
[00:54:53] [Server thread/WARN]: Horse moved wrongly!
[00:54:53] [Server thread/WARN]: Horse moved wrongly!
[00:54:53] [Server thread/WARN]: Horse moved wrongly!
[00:54:53] [Server thread/WARN]: Horse moved wrongly!
[00:54:53] [Server thread/WARN]: Horse moved wrongly!
[00:54:53] [Server thread/WARN]: Horse moved wrongly!
[00:56:17] [Server thread/INFO]: AggelosG2004 lost connection: Disconnected
[00:56:17] [Server thread/INFO]: AggelosG2004 left the game
[00:56:19] [Server thread/INFO]: AggelosG2004[/176.92.31.110:51194] logged in with entity id 635111 at (-586.0779746571601, 62.0, -1486.1881959658272)
[00:56:19] [Server thread/INFO]: AggelosG2004 joined the game
[00:56:22] [Server thread/INFO]: AggelosG2004 lost connection: Disconnected
[00:56:22] [Server thread/INFO]: AggelosG2004 left the game
[00:56:23] [Server thread/INFO]: AggelosG2004[/176.92.31.110:51200] logged in with entity id 635636 at (-586.0779746571601, 62.0, -1486.1881959658272)
[00:56:23] [Server thread/INFO]: AggelosG2004 joined the game
[00:57:10] [Server thread/INFO]: AggelosG2004 lost connection: Disconnected
[00:57:10] [Server thread/INFO]: AggelosG2004 left the game
[00:57:12] [Server thread/INFO]: AggelosG2004[/176.92.31.110:51206] logged in with entity id 637523 at (-411.4768578748265, 62.008732178458814, -1261.4866825496304)
[00:57:12] [Server thread/INFO]: AggelosG2004 joined the game
[00:58:06] [Server thread/INFO]: AggelosG2004 lost connection: Disconnected
[00:58:06] [Server thread/INFO]: AggelosG2004 left the game
[00:58:07] [Server thread/INFO]: AggelosG2004[/176.92.31.110:51212] logged in with entity id 639297 at (-512.9656779555391, 61.95875760626356, -1062.1494437624367)
[00:58:07] [Server thread/INFO]: AggelosG2004 joined the game
[00:58:16] [Server thread/WARN]: Horse (vehicle of AggelosG2004) moved too quickly! -1.9895109087594847,-0.5730819890784744,9.914020303728194
[00:58:16] [Server thread/WARN]: Horse (vehicle of AggelosG2004) moved too quickly! -2.0789946443721874,-0.5730819890784744,10.456588189433887
[00:58:16] [Server thread/WARN]: Horse (vehicle of AggelosG2004) moved too quickly! -2.16845710267944,-0.5730819890784744,10.999162095329893
[00:58:16] [Server thread/WARN]: Horse (vehicle of AggelosG2004) moved too quickly! -2.2579081759249675,-0.5730819890784744,11.541739222509705
[00:58:16] [Server thread/WARN]: Horse (vehicle of AggelosG2004) moved too quickly! -2.347353157250609,-0.5730819890784744,12.084318073334316
[00:58:27] [Server thread/WARN]: K1ng0fKlngsGR moved wrongly!
[00:58:30] [Server thread/WARN]: K1ng0fKlngsGR moved wrongly!
[00:59:23] [Server thread/WARN]: Horse moved wrongly!
[00:59:24] [Server thread/WARN]: Horse moved wrongly!
[00:59:24] [Server thread/WARN]: Horse moved wrongly!
